2020-02-23 21:26:46.379  INFO 10772 --- [main] c.a.dubbo.common.logger.LoggerFactory    : using logger: com.alibaba.dubbo.common.logger.slf4j.Slf4jLoggerAdapter
2020-02-23 21:26:46.386  INFO 10772 --- [main] a.b.d.c.e.WelcomeLogoApplicationListener : 

 :: Dubbo Spring Boot (v0.2.0) : https://github.com/apache/incubator-dubbo-spring-boot-project
 :: Dubbo (v2.6.2) : https://github.com/apache/incubator-dubbo
 :: Google group : dev@dubbo.incubator.apache.org

2020-02-23 21:26:46.389  INFO 10772 --- [main] e.OverrideDubboConfigApplicationListener : Dubbo Config was overridden by externalized configuration {dubbo.application.name=lvshop-datasource, dubbo.monitor.protocol=registry, dubbo.protocol.name=dubbo, dubbo.protocol.port=20880, dubbo.registry.address=zookeeper://hang1:2181, dubbo.scan.base-packages=com.lvshop.datasource.service.impl}
2020-02-23 21:26:46.467  INFO 10772 --- [main] c.l.d.LvshopDatasourceApplication        : Starting LvshopDatasourceApplication on Galliano with PID 10772 (E:\01_Document\JAVA2\lvshop\lvshop-datasource\target\classes started by Galliano in E:\01_Document\JAVA2\lvshop)
2020-02-23 21:26:46.468  INFO 10772 --- [main] c.l.d.LvshopDatasourceApplication        : No active profile set, falling back to default profiles: default
2020-02-23 21:26:46.520  INFO 10772 --- [main] ConfigServletWebServerApplicationContext : Refreshing org.springframework.boot.web.servlet.context.AnnotationConfigServletWebServerApplicationContext@34e9fd99: startup date [Sun Feb 23 21:26:46 CST 2020]; root of context hierarchy
2020-02-23 21:26:47.066  INFO 10772 --- [main] .a.d.c.s.c.a.DubboConfigBindingRegistrar : The dubbo config bean definition [name : com.alibaba.dubbo.config.ApplicationConfig#0, class : com.alibaba.dubbo.config.ApplicationConfig] has been registered.
2020-02-23 21:26:47.085  INFO 10772 --- [main] .a.d.c.s.c.a.DubboConfigBindingRegistrar : The BeanPostProcessor bean definition [com.alibaba.dubbo.config.spring.beans.factory.annotation.DubboConfigBindingBeanPostProcessor] for dubbo config bean [name : com.alibaba.dubbo.config.ApplicationConfig#0] has been registered.
2020-02-23 21:26:47.087  INFO 10772 --- [main] .a.d.c.s.c.a.DubboConfigBindingRegistrar : The dubbo config bean definition [name : com.alibaba.dubbo.config.RegistryConfig#0, class : com.alibaba.dubbo.config.RegistryConfig] has been registered.
2020-02-23 21:26:47.089  INFO 10772 --- [main] .a.d.c.s.c.a.DubboConfigBindingRegistrar : The BeanPostProcessor bean definition [com.alibaba.dubbo.config.spring.beans.factory.annotation.DubboConfigBindingBeanPostProcessor] for dubbo config bean [name : com.alibaba.dubbo.config.RegistryConfig#0] has been registered.
2020-02-23 21:26:47.090  INFO 10772 --- [main] .a.d.c.s.c.a.DubboConfigBindingRegistrar : The dubbo config bean definition [name : com.alibaba.dubbo.config.ProtocolConfig#0, class : com.alibaba.dubbo.config.ProtocolConfig] has been registered.
2020-02-23 21:26:47.090  INFO 10772 --- [main] .a.d.c.s.c.a.DubboConfigBindingRegistrar : The BeanPostProcessor bean definition [com.alibaba.dubbo.config.spring.beans.factory.annotation.DubboConfigBindingBeanPostProcessor] for dubbo config bean [name : com.alibaba.dubbo.config.ProtocolConfig#0] has been registered.
2020-02-23 21:26:47.090  INFO 10772 --- [main] .a.d.c.s.c.a.DubboConfigBindingRegistrar : The dubbo config bean definition [name : com.alibaba.dubbo.config.MonitorConfig#0, class : com.alibaba.dubbo.config.MonitorConfig] has been registered.
2020-02-23 21:26:47.090  INFO 10772 --- [main] .a.d.c.s.c.a.DubboConfigBindingRegistrar : The BeanPostProcessor bean definition [com.alibaba.dubbo.config.spring.beans.factory.annotation.DubboConfigBindingBeanPostProcessor] for dubbo config bean [name : com.alibaba.dubbo.config.MonitorConfig#0] has been registered.
2020-02-23 21:26:47.346  INFO 10772 --- [main] b.f.a.ServiceAnnotationBeanPostProcessor :  [DUBBO] BeanNameGenerator bean can't be found in BeanFactory with name [org.springframework.context.annotation.internalConfigurationBeanNameGenerator], dubbo version: 2.6.2, current host: 192.168.191.1
2020-02-23 21:26:47.347  INFO 10772 --- [main] b.f.a.ServiceAnnotationBeanPostProcessor :  [DUBBO] BeanNameGenerator will be a instance of org.springframework.context.annotation.AnnotationBeanNameGenerator , it maybe a potential problem on bean name generation., dubbo version: 2.6.2, current host: 192.168.191.1
2020-02-23 21:26:47.363  WARN 10772 --- [main] b.f.a.ServiceAnnotationBeanPostProcessor :  [DUBBO] The BeanDefinition[Root bean: class [com.alibaba.dubbo.config.spring.ServiceBean]; scope=; abstract=false; lazyInit=false; autowireMode=0; dependencyCheck=0; autowireCandidate=true; primary=false; factoryBeanName=null; factoryMethodName=null; initMethodName=null; destroyMethodName=null] of ServiceBean has been registered with name : ServiceBean:productInfoService:com.lvshop.common.service.ProductInfoService, dubbo version: 2.6.2, current host: 192.168.191.1
2020-02-23 21:26:47.364  INFO 10772 --- [main] b.f.a.ServiceAnnotationBeanPostProcessor :  [DUBBO] 1 annotated Dubbo's @Service Components { [Bean definition with name 'productInfoService': Generic bean: class [com.lvshop.datasource.service.impl.ProductInfoServiceImpl]; scope=; abstract=false; lazyInit=false; autowireMode=0; dependencyCheck=0; autowireCandidate=true; primary=false; factoryBeanName=null; factoryMethodName=null; initMethodName=null; destroyMethodName=null; defined in file [E:\01_Document\JAVA2\lvshop\lvshop-datasource\target\classes\com\lvshop\datasource\service\impl\ProductInfoServiceImpl.class]] } were scanned under package[com.lvshop.datasource], dubbo version: 2.6.2, current host: 192.168.191.1
2020-02-23 21:26:47.656  INFO 10772 --- [main] trationDelegate$BeanPostProcessorChecker : Bean 'org.springframework.kafka.annotation.KafkaBootstrapConfiguration' of type [org.springframework.kafka.annotation.KafkaBootstrapConfiguration$$EnhancerBySpringCGLIB$$472e5e3e] is not eligible for getting processed by all BeanPostProcessors (for example: not eligible for auto-proxying)
2020-02-23 21:26:47.693  INFO 10772 --- [main] trationDelegate$BeanPostProcessorChecker : Bean 'com.alibaba.boot.dubbo.autoconfigure.DubboAutoConfiguration' of type [com.alibaba.boot.dubbo.autoconfigure.DubboAutoConfiguration$$EnhancerBySpringCGLIB$$827df22d] is not eligible for getting processed by all BeanPostProcessors (for example: not eligible for auto-proxying)
2020-02-23 21:26:47.702  INFO 10772 --- [main] trationDelegate$BeanPostProcessorChecker : Bean 'org.springframework.transaction.annotation.ProxyTransactionManagementConfiguration' of type [org.springframework.transaction.annotation.ProxyTransactionManagementConfiguration$$EnhancerBySpringCGLIB$$737c4cbb] is not eligible for getting processed by all BeanPostProcessors (for example: not eligible for auto-proxying)
2020-02-23 21:26:47.734  INFO 10772 --- [main] trationDelegate$BeanPostProcessorChecker : Bean 'relaxedDubboConfigBinder' of type [com.alibaba.boot.dubbo.autoconfigure.RelaxedDubboConfigBinder] is not eligible for getting processed by all BeanPostProcessors (for example: not eligible for auto-proxying)
2020-02-23 21:26:47.736  INFO 10772 --- [main] trationDelegate$BeanPostProcessorChecker : Bean 'relaxedDubboConfigBinder' of type [com.alibaba.boot.dubbo.autoconfigure.RelaxedDubboConfigBinder] is not eligible for getting processed by all BeanPostProcessors (for example: not eligible for auto-proxying)
2020-02-23 21:26:47.737  INFO 10772 --- [main] trationDelegate$BeanPostProcessorChecker : Bean 'relaxedDubboConfigBinder' of type [com.alibaba.boot.dubbo.autoconfigure.RelaxedDubboConfigBinder] is not eligible for getting processed by all BeanPostProcessors (for example: not eligible for auto-proxying)
2020-02-23 21:26:47.739  INFO 10772 --- [main] trationDelegate$BeanPostProcessorChecker : Bean 'relaxedDubboConfigBinder' of type [com.alibaba.boot.dubbo.autoconfigure.RelaxedDubboConfigBinder] is not eligible for getting processed by all BeanPostProcessors (for example: not eligible for auto-proxying)
2020-02-23 21:26:48.004  INFO 10772 --- [main] o.s.b.w.embedded.tomcat.TomcatWebServer  : Tomcat initialized with port(s): 8081 (http)
2020-02-23 21:26:48.026  INFO 10772 --- [main] o.apache.catalina.core.StandardService   : Starting service [Tomcat]
2020-02-23 21:26:48.026  INFO 10772 --- [main] org.apache.catalina.core.StandardEngine  : Starting Servlet Engine: Apache Tomcat/8.5.29
2020-02-23 21:26:48.030  INFO 10772 --- [localhost-startStop-1] o.a.catalina.core.AprLifecycleListener   : The APR based Apache Tomcat Native library which allows optimal performance in production environments was not found on the java.library.path: [D:\aaaLang\aJava\jdk1.8.0_221\bin;C:\WINDOWS\Sun\Java\bin;C:\WINDOWS\system32;C:\WINDOWS;D:\aaaLang\Xmanager6\;D:\aaaLang\Xftp6\;C:\Program Files (x86)\Common Files\Oracle\Java\javapath;D:\aaaLang\Xshell6\;D:\aaaLang\aJava\JDK12\bin;C:\Windows\system32;C:\Windows;C:\Windows\System32\Wbem;C:\Windows\System32\WindowsPowerShell\v1.0\;C:\Program Files (x86)\NVIDIA Corporation\PhysX\Common;C:\Program Files\NVIDIA Corporation\NVIDIA NvDLISR;D:\aPython\install\Scripts\;C:\WINDOWS\system32;C:\WINDOWS;C:\WINDOWS\System32\Wbem;C:\WINDOWS\System32\WindowsPowerShell\v1.0\;C:\WINDOWS\System32\OpenSSH\;C:\Program Files\dotnet\;C:\Program Files\Microsoft SQL Server\130\Tools\Binn\;C:\Program Files\Microsoft SQL Server\Client SDK\ODBC\170\Tools\Binn\;D:\aaaLang\aNodejs\;D:\aaaLang\aJava\Maven\apache-maven-3.6.1\bin;D:\aaaLang\MySQL\mysql-8.0.17-winx64\bin;D:\aaaLang\redis-5.0.5\redis-5.0.5;D:\aaaLang\aJava\jvisualvm_143\bin;D:\aSoftwareEnglish\Pandoc\;D:\aaaLang\Git\cmd;D:\aaaLang\TortoiseGit\bin;D:\aSoftwareEnglish\qpdf-9.0.1\bin;D:\aaaLang\nginx-1.14.0;D:\aaaLang\aErlang\RabbitMQServer\rabbitmq_server-3.7.19\sbin;D:\aaaLang\aErlang\erl10.2\bin;D:\aaaLang\MongoDB\Server4.2\bin;D:\aaaLang\aJava\Gradle\gradle-5.6.4\bin;D:\aaaLang\CURL\curl-7.66.0-win64-mingw\bin;%ROCKET_HOME%\bin;D:\aPython\install\Scripts\;D:\aPython\install\;D:\aPython\PyCharm\PyCharm Community Edition 2018.3.2\bin;;D:\aPython\install\Scripts\pip3.exe;D:\aPython\install\Scripts\pip.exe;C:\Users\Galliano\AppData\Local\Microsoft\WindowsApps;D:\aPython\PyCharm\PyCharm 2019.1.2\bin;;C:\Users\Galliano\AppData\Roaming\npm;D:\aaaLang\aJava\IDEA-2019.1.2- Community\bin;;D:\aSoftwareEnglish\BandZip\;D:\aaaLang\aJava\jdk-12.0.2\bin;;D:\aaaLang\aJava\IDEA2019.2.1\bin;;.]
2020-02-23 21:26:48.123  INFO 10772 --- [localhost-startStop-1] o.a.c.c.C.[Tomcat].[localhost].[/]       : Initializing Spring embedded WebApplicationContext
2020-02-23 21:26:48.123  INFO 10772 --- [localhost-startStop-1] o.s.web.context.ContextLoader            : Root WebApplicationContext: initialization completed in 1603 ms
2020-02-23 21:26:48.259  INFO 10772 --- [localhost-startStop-1] o.s.b.w.servlet.ServletRegistrationBean  : Servlet dispatcherServlet mapped to [/]
2020-02-23 21:26:48.266  INFO 10772 --- [localhost-startStop-1] o.s.b.w.servlet.FilterRegistrationBean   : Mapping filter: 'characterEncodingFilter' to: [/*]
2020-02-23 21:26:48.266  INFO 10772 --- [localhost-startStop-1] o.s.b.w.servlet.FilterRegistrationBean   : Mapping filter: 'hiddenHttpMethodFilter' to: [/*]
2020-02-23 21:26:48.266  INFO 10772 --- [localhost-startStop-1] o.s.b.w.servlet.FilterRegistrationBean   : Mapping filter: 'httpPutFormContentFilter' to: [/*]
2020-02-23 21:26:48.266  INFO 10772 --- [localhost-startStop-1] o.s.b.w.servlet.FilterRegistrationBean   : Mapping filter: 'requestContextFilter' to: [/*]
2020-02-23 21:26:48.654  INFO 10772 --- [main] .f.a.DubboConfigBindingBeanPostProcessor : The properties of bean [name : com.alibaba.dubbo.config.ApplicationConfig#0] have been binding by prefix of configuration properties : dubbo.application
2020-02-23 21:26:48.660  INFO 10772 --- [main] .f.a.DubboConfigBindingBeanPostProcessor : The properties of bean [name : com.alibaba.dubbo.config.RegistryConfig#0] have been binding by prefix of configuration properties : dubbo.registry
2020-02-23 21:26:48.669  INFO 10772 --- [main] .f.a.DubboConfigBindingBeanPostProcessor : The properties of bean [name : com.alibaba.dubbo.config.ProtocolConfig#0] have been binding by prefix of configuration properties : dubbo.protocol
2020-02-23 21:26:48.675  INFO 10772 --- [main] .f.a.DubboConfigBindingBeanPostProcessor : The properties of bean [name : com.alibaba.dubbo.config.MonitorConfig#0] have been binding by prefix of configuration properties : dubbo.monitor
2020-02-23 21:26:48.749  INFO 10772 --- [main] o.s.w.s.handler.SimpleUrlHandlerMapping  : Mapped URL path [/**/favicon.ico] onto handler of type [class org.springframework.web.servlet.resource.ResourceHttpRequestHandler]
2020-02-23 21:26:49.033  INFO 10772 --- [main] s.w.s.m.m.a.RequestMappingHandlerAdapter : Looking for @ControllerAdvice: org.springframework.boot.web.servlet.context.AnnotationConfigServletWebServerApplicationContext@34e9fd99: startup date [Sun Feb 23 21:26:46 CST 2020]; root of context hierarchy
2020-02-23 21:26:49.100  INFO 10772 --- [main] s.w.s.m.m.a.RequestMappingHandlerMapping : Mapped "{[/updateProductInfo]}" onto public com.lvshop.datasource.vo.Response com.lvshop.datasource.controller.ProductInfoController.updateProductInfo(com.lvshop.common.pojo.ProductInfo)
2020-02-23 21:26:49.101  INFO 10772 --- [main] s.w.s.m.m.a.RequestMappingHandlerMapping : Mapped "{[/removeProductInfo]}" onto public com.lvshop.datasource.vo.Response com.lvshop.datasource.controller.ProductInfoController.removeProductInfo(java.lang.Long)
2020-02-23 21:26:49.102  INFO 10772 --- [main] s.w.s.m.m.a.RequestMappingHandlerMapping : Mapped "{[/getProductInfo]}" onto public com.lvshop.common.pojo.ProductInfo com.lvshop.datasource.controller.ProductInfoController.getProductInfo(java.lang.Long)
2020-02-23 21:26:49.102  INFO 10772 --- [main] s.w.s.m.m.a.RequestMappingHandlerMapping : Mapped "{[/saveProductInfo]}" onto public com.lvshop.datasource.vo.Response com.lvshop.datasource.controller.ProductInfoController.saveProductInfo(com.lvshop.common.pojo.ProductInfo)
2020-02-23 21:26:49.105  INFO 10772 --- [main] s.w.s.m.m.a.RequestMappingHandlerMapping : Mapped "{[/error]}" onto public org.springframework.http.ResponseEntity<java.util.Map<java.lang.String, java.lang.Object>> org.springframework.boot.autoconfigure.web.servlet.error.BasicErrorController.error(javax.servlet.http.HttpServletRequest)
2020-02-23 21:26:49.105  INFO 10772 --- [main] s.w.s.m.m.a.RequestMappingHandlerMapping : Mapped "{[/error],produces=[text/html]}" onto public org.springframework.web.servlet.ModelAndView org.springframework.boot.autoconfigure.web.servlet.error.BasicErrorController.errorHtml(javax.servlet.http.HttpServletRequest,javax.servlet.http.HttpServletResponse)
2020-02-23 21:26:49.140  INFO 10772 --- [main] o.s.w.s.handler.SimpleUrlHandlerMapping  : Mapped URL path [/webjars/**] onto handler of type [class org.springframework.web.servlet.resource.ResourceHttpRequestHandler]
2020-02-23 21:26:49.141  INFO 10772 --- [main] o.s.w.s.handler.SimpleUrlHandlerMapping  : Mapped URL path [/**] onto handler of type [class org.springframework.web.servlet.resource.ResourceHttpRequestHandler]
2020-02-23 21:26:49.581  INFO 10772 --- [main] o.s.j.e.a.AnnotationMBeanExporter        : Registering beans for JMX exposure on startup
2020-02-23 21:26:49.584  INFO 10772 --- [main] o.s.j.e.a.AnnotationMBeanExporter        : Bean with name 'dataSource' has been autodetected for JMX exposure
2020-02-23 21:26:49.592  INFO 10772 --- [main] o.s.j.e.a.AnnotationMBeanExporter        : Located MBean 'dataSource': registering with JMX server as MBean [com.zaxxer.hikari:name=dataSource,type=HikariDataSource]
2020-02-23 21:26:49.597  INFO 10772 --- [main] o.s.c.support.DefaultLifecycleProcessor  : Starting beans in phase 2147483547
2020-02-23 21:26:49.604  INFO 10772 --- [main] com.alibaba.dubbo.config.AbstractConfig  :  [DUBBO] The service ready on spring started. service: com.lvshop.common.service.ProductInfoService, dubbo version: 2.6.2, current host: 192.168.191.1
2020-02-23 21:26:49.704  INFO 10772 --- [main] com.alibaba.dubbo.config.AbstractConfig  :  [DUBBO] Export dubbo service com.lvshop.common.service.ProductInfoService to local registry, dubbo version: 2.6.2, current host: 192.168.191.1
2020-02-23 21:26:49.705  INFO 10772 --- [main] com.alibaba.dubbo.config.AbstractConfig  :  [DUBBO] Export dubbo service com.lvshop.common.service.ProductInfoService to url dubbo://192.168.191.1:20880/com.lvshop.common.service.ProductInfoService?anyhost=true&application=lvshop-datasource&bind.ip=192.168.191.1&bind.port=20880&dubbo=2.6.2&generic=false&interface=com.lvshop.common.service.ProductInfoService&methods=findProductInfoById,saveProductInfo,updateProductInfo,removeProductInfoById&pid=10772&side=provider&timestamp=1582464409620, dubbo version: 2.6.2, current host: 192.168.191.1
2020-02-23 21:26:49.708  INFO 10772 --- [main] com.alibaba.dubbo.config.AbstractConfig  :  [DUBBO] Register dubbo service com.lvshop.common.service.ProductInfoService url dubbo://192.168.191.1:20880/com.lvshop.common.service.ProductInfoService?anyhost=true&application=lvshop-datasource&bind.ip=192.168.191.1&bind.port=20880&dubbo=2.6.2&generic=false&interface=com.lvshop.common.service.ProductInfoService&methods=findProductInfoById,saveProductInfo,updateProductInfo,removeProductInfoById&monitor=dubbo%3A%2F%2Fhang1%3A2181%2Fcom.alibaba.dubbo.registry.RegistryService%3Fapplication%3Dlvshop-datasource%26dubbo%3D2.6.2%26pid%3D10772%26protocol%3Dregistry%26refer%3Ddubbo%253D2.6.2%2526interface%253Dcom.alibaba.dubbo.monitor.MonitorService%2526pid%253D10772%2526timestamp%253D1582464409706%26registry%3Dzookeeper%26timestamp%3D1582464409612&pid=10772&side=provider&timestamp=1582464409620 to registry registry://hang1:2181/com.alibaba.dubbo.registry.RegistryService?application=lvshop-datasource&dubbo=2.6.2&pid=10772&registry=zookeeper&timestamp=1582464409612, dubbo version: 2.6.2, current host: 192.168.191.1
2020-02-23 21:26:49.852  INFO 10772 --- [main] c.a.d.remoting.transport.AbstractServer  :  [DUBBO] Start NettyServer bind /0.0.0.0:20880, export /192.168.191.1:20880, dubbo version: 2.6.2, current host: 192.168.191.1
2020-02-23 21:26:49.874  INFO 10772 --- [main] c.a.d.r.zookeeper.ZookeeperRegistry      :  [DUBBO] Load registry store file C:\Users\Galliano\.dubbo\dubbo-registry-lvshop-datasource-hang1:2181.cache, data: {com.alibaba.dubbo.monitor.MonitorService=empty:///com.alibaba.dubbo.monitor.MonitorService?category=configurators&dubbo=2.6.2&interface=com.alibaba.dubbo.monitor.MonitorService&pid=19404&timestamp=1581932810367 empty:///com.alibaba.dubbo.monitor.MonitorService?category=routers&dubbo=2.6.2&interface=com.alibaba.dubbo.monitor.MonitorService&pid=19404&timestamp=1581932810367 empty:///com.alibaba.dubbo.monitor.MonitorService?category=providers&dubbo=2.6.2&interface=com.alibaba.dubbo.monitor.MonitorService&pid=19404&timestamp=1581932810367, com.lvshop.common.service.ProductInfoService=empty://192.168.191.1:20880/com.lvshop.common.service.ProductInfoService?anyhost=true&application=lvshop-datasource&category=configurators&check=false&dubbo=2.6.2&generic=false&interface=com.lvshop.common.service.ProductInfoService&methods=findProductInfoById,saveProductInfo,updateProductInfo,removeProductInfoById&pid=13204&side=provider&timestamp=1581954310331}, dubbo version: 2.6.2, current host: 192.168.191.1
2020-02-23 21:26:49.955  INFO 10772 --- [main] o.a.c.f.imps.CuratorFrameworkImpl        : Starting
2020-02-23 21:26:58.969  INFO 10772 --- [main] org.apache.zookeeper.ZooKeeper           : Client environment:zookeeper.version=3.4.9-1757313, built on 08/23/2016 06:50 GMT
2020-02-23 21:26:58.969  INFO 10772 --- [main] org.apache.zookeeper.ZooKeeper           : Client environment:host.name=Galliano
2020-02-23 21:26:58.969  INFO 10772 --- [main] org.apache.zookeeper.ZooKeeper           : Client environment:java.version=1.8.0_221
2020-02-23 21:26:58.969  INFO 10772 --- [main] org.apache.zookeeper.ZooKeeper           : Client environment:java.vendor=Oracle Corporation
2020-02-23 21:26:58.969  INFO 10772 --- [main] org.apache.zookeeper.ZooKeeper           : Client environment:java.home=D:\aaaLang\aJava\jdk1.8.0_221\jre
2020-02-23 21:26:58.969  INFO 10772 --- [main] org.apache.zookeeper.ZooKeeper           : Client environment:java.class.path=D:\aaaLang\aJava\jdk1.8.0_221\jre\lib\charsets.jar;D:\aaaLang\aJava\jdk1.8.0_221\jre\lib\deploy.jar;D:\aaaLang\aJava\jdk1.8.0_221\jre\lib\ext\access-bridge-64.jar;D:\aaaLang\aJava\jdk1.8.0_221\jre\lib\ext\cldrdata.jar;D:\aaaLang\aJava\jdk1.8.0_221\jre\lib\ext\dnsns.jar;D:\aaaLang\aJava\jdk1.8.0_221\jre\lib\ext\jaccess.jar;D:\aaaLang\aJava\jdk1.8.0_221\jre\lib\ext\jfxrt.jar;D:\aaaLang\aJava\jdk1.8.0_221\jre\lib\ext\localedata.jar;D:\aaaLang\aJava\jdk1.8.0_221\jre\lib\ext\nashorn.jar;D:\aaaLang\aJava\jdk1.8.0_221\jre\lib\ext\sunec.jar;D:\aaaLang\aJava\jdk1.8.0_221\jre\lib\ext\sunjce_provider.jar;D:\aaaLang\aJava\jdk1.8.0_221\jre\lib\ext\sunmscapi.jar;D:\aaaLang\aJava\jdk1.8.0_221\jre\lib\ext\sunpkcs11.jar;D:\aaaLang\aJava\jdk1.8.0_221\jre\lib\ext\zipfs.jar;D:\aaaLang\aJava\jdk1.8.0_221\jre\lib\javaws.jar;D:\aaaLang\aJava\jdk1.8.0_221\jre\lib\jce.jar;D:\aaaLang\aJava\jdk1.8.0_221\jre\lib\jfr.jar;D:\aaaLang\aJava\jdk1.8.0_221\jre\lib\jfxswt.jar;D:\aaaLang\aJava\jdk1.8.0_221\jre\lib\jsse.jar;D:\aaaLang\aJava\jdk1.8.0_221\jre\lib\management-agent.jar;D:\aaaLang\aJava\jdk1.8.0_221\jre\lib\plugin.jar;D:\aaaLang\aJava\jdk1.8.0_221\jre\lib\resources.jar;D:\aaaLang\aJava\jdk1.8.0_221\jre\lib\rt.jar;E:\01_Document\JAVA2\lvshop\lvshop-datasource\target\classes;E:\01_Document\JAVA2\lvshop\lvshop-common\target\classes;D:\aaaLang\aJava\Maven\MavenRepository\org\apache\httpcomponents\httpclient\4.5.5\httpclient-4.5.5.jar;D:\aaaLang\aJava\Maven\MavenRepository\org\apache\httpcomponents\httpcore\4.4.9\httpcore-4.4.9.jar;D:\aaaLang\aJava\Maven\MavenRepository\commons-codec\commons-codec\1.11\commons-codec-1.11.jar;D:\aaaLang\aJava\Maven\MavenRepository\org\springframework\boot\spring-boot-starter-web\2.0.1.RELEASE\spring-boot-starter-web-2.0.1.RELEASE.jar;D:\aaaLang\aJava\Maven\MavenRepository\org\springframework\boot\spring-boot-starter\2.0.1.RELEASE\spring-boot-starter-2.0.1.RELEASE.jar;D:\aaaLang\aJava\Maven\MavenRepository\org\springframework\boot\spring-boot\2.0.1.RELEASE\spring-boot-2.0.1.RELEASE.jar;D:\aaaLang\aJava\Maven\MavenRepository\org\springframework\boot\spring-boot-autoconfigure\2.0.1.RELEASE\spring-boot-autoconfigure-2.0.1.RELEASE.jar;D:\aaaLang\aJava\Maven\MavenRepository\org\springframework\boot\spring-boot-starter-logging\2.0.1.RELEASE\spring-boot-starter-logging-2.0.1.RELEASE.jar;D:\aaaLang\aJava\Maven\MavenRepository\ch\qos\logback\logback-classic\1.2.3\logback-classic-1.2.3.jar;D:\aaaLang\aJava\Maven\MavenRepository\ch\qos\logback\logback-core\1.2.3\logback-core-1.2.3.jar;D:\aaaLang\aJava\Maven\MavenRepository\org\apache\logging\log4j\log4j-to-slf4j\2.10.0\log4j-to-slf4j-2.10.0.jar;D:\aaaLang\aJava\Maven\MavenRepository\org\apache\logging\log4j\log4j-api\2.10.0\log4j-api-2.10.0.jar;D:\aaaLang\aJava\Maven\MavenRepository\org\slf4j\jul-to-slf4j\1.7.25\jul-to-slf4j-1.7.25.jar;D:\aaaLang\aJava\Maven\MavenRepository\javax\annotation\javax.annotation-api\1.3.2\javax.annotation-api-1.3.2.jar;D:\aaaLang\aJava\Maven\MavenRepository\org\yaml\snakeyaml\1.19\snakeyaml-1.19.jar;D:\aaaLang\aJava\Maven\MavenRepository\org\springframework\boot\spring-boot-starter-json\2.0.1.RELEASE\spring-boot-starter-json-2.0.1.RELEASE.jar;D:\aaaLang\aJava\Maven\MavenRepository\com\fasterxml\jackson\core\jackson-databind\2.9.5\jackson-databind-2.9.5.jar;D:\aaaLang\aJava\Maven\MavenRepository\com\fasterxml\jackson\core\jackson-annotations\2.9.0\jackson-annotations-2.9.0.jar;D:\aaaLang\aJava\Maven\MavenRepository\com\fasterxml\jackson\core\jackson-core\2.9.5\jackson-core-2.9.5.jar;D:\aaaLang\aJava\Maven\MavenRepository\com\fasterxml\jackson\datatype\jackson-datatype-jdk8\2.9.5\jackson-datatype-jdk8-2.9.5.jar;D:\aaaLang\aJava\Maven\MavenRepository\com\fasterxml\jackson\datatype\jackson-datatype-jsr310\2.9.5\jackson-datatype-jsr310-2.9.5.jar;D:\aaaLang\aJava\Maven\MavenRepository\com\fasterxml\jackson\module\jackson-module-parameter-names\2.9.5\jackson-module-parameter-names-2.9.5.jar;D:\aaaLang\aJava\Maven\MavenRepository\org\springframework\boot\spring-boot-starter-tomcat\2.0.1.RELEASE\spring-boot-starter-tomcat-2.0.1.RELEASE.jar;D:\aaaLang\aJava\Maven\MavenRepository\org\apache\tomcat\embed\tomcat-embed-core\8.5.29\tomcat-embed-core-8.5.29.jar;D:\aaaLang\aJava\Maven\MavenRepository\org\apache\tomcat\embed\tomcat-embed-el\8.5.29\tomcat-embed-el-8.5.29.jar;D:\aaaLang\aJava\Maven\MavenRepository\org\apache\tomcat\embed\tomcat-embed-websocket\8.5.29\tomcat-embed-websocket-8.5.29.jar;D:\aaaLang\aJava\Maven\MavenRepository\org\hibernate\validator\hibernate-validator\6.0.9.Final\hibernate-validator-6.0.9.Final.jar;D:\aaaLang\aJava\Maven\MavenRepository\javax\validation\validation-api\2.0.1.Final\validation-api-2.0.1.Final.jar;D:\aaaLang\aJava\Maven\MavenRepository\org\jboss\logging\jboss-logging\3.3.2.Final\jboss-logging-3.3.2.Final.jar;D:\aaaLang\aJava\Maven\MavenRepository\com\fasterxml\classmate\1.3.4\classmate-1.3.4.jar;D:\aaaLang\aJava\Maven\MavenRepository\org\springframework\spring-web\5.0.5.RELEASE\spring-web-5.0.5.RELEASE.jar;D:\aaaLang\aJava\Maven\MavenRepository\org\springframework\spring-webmvc\5.0.5.RELEASE\spring-webmvc-5.0.5.RELEASE.jar;D:\aaaLang\aJava\Maven\MavenRepository\org\springframework\spring-aop\5.0.5.RELEASE\spring-aop-5.0.5.RELEASE.jar;D:\aaaLang\aJava\Maven\MavenRepository\org\springframework\spring-expression\5.0.5.RELEASE\spring-expression-5.0.5.RELEASE.jar;D:\aaaLang\aJava\Maven\MavenRepository\org\slf4j\slf4j-api\1.7.25\slf4j-api-1.7.25.jar;D:\aaaLang\aJava\Maven\MavenRepository\org\springframework\spring-core\5.0.5.RELEASE\spring-core-5.0.5.RELEASE.jar;D:\aaaLang\aJava\Maven\MavenRepository\org\springframework\spring-jcl\5.0.5.RELEASE\spring-jcl-5.0.5.RELEASE.jar;D:\aaaLang\aJava\Maven\MavenRepository\org\springframework\boot\spring-boot-starter-jdbc\2.0.1.RELEASE\spring-boot-starter-jdbc-2.0.1.RELEASE.jar;D:\aaaLang\aJava\Maven\MavenRepository\com\zaxxer\HikariCP\2.7.8\HikariCP-2.7.8.jar;D:\aaaLang\aJava\Maven\MavenRepository\org\springframework\spring-jdbc\5.0.5.RELEASE\spring-jdbc-5.0.5.RELEASE.jar;D:\aaaLang\aJava\Maven\MavenRepository\org\springframework\spring-context-support\5.0.5.RELEASE\spring-context-support-5.0.5.RELEASE.jar;D:\aaaLang\aJava\Maven\MavenRepository\org\springframework\spring-beans\5.0.5.RELEASE\spring-beans-5.0.5.RELEASE.jar;D:\aaaLang\aJava\Maven\MavenRepository\org\springframework\spring-context\5.0.5.RELEASE\spring-context-5.0.5.RELEASE.jar;D:\aaaLang\aJava\Maven\MavenRepository\org\mybatis\spring\boot\mybatis-spring-boot-starter\1.2.0\mybatis-spring-boot-starter-1.2.0.jar;D:\aaaLang\aJava\Maven\MavenRepository\org\mybatis\spring\boot\mybatis-spring-boot-autoconfigure\1.2.0\mybatis-spring-boot-autoconfigure-1.2.0.jar;D:\aaaLang\aJava\Maven\MavenRepository\org\mybatis\mybatis\3.4.2\mybatis-3.4.2.jar;D:\aaaLang\aJava\Maven\MavenRepository\org\mybatis\mybatis-spring\1.3.1\mybatis-spring-1.3.1.jar;D:\aaaLang\aJava\Maven\MavenRepository\mysql\mysql-connector-java\8.0.17\mysql-connector-java-8.0.17.jar;D:\aaaLang\aJava\Maven\MavenRepository\com\google\protobuf\protobuf-java\3.6.1\protobuf-java-3.6.1.jar;D:\aaaLang\aJava\Maven\MavenRepository\com\alibaba\boot\dubbo-spring-boot-starter\0.2.0\dubbo-spring-boot-starter-0.2.0.jar;D:\aaaLang\aJava\Maven\MavenRepository\com\alibaba\dubbo\2.6.2\dubbo-2.6.2.jar;D:\aaaLang\aJava\Maven\MavenRepository\org\javassist\javassist\3.20.0-GA\javassist-3.20.0-GA.jar;D:\aaaLang\aJava\Maven\MavenRepository\org\jboss\netty\netty\3.2.5.Final\netty-3.2.5.Final.jar;D:\aaaLang\aJava\Maven\MavenRepository\org\apache\zookeeper\zookeeper\3.4.9\zookeeper-3.4.9.jar;D:\aaaLang\aJava\Maven\MavenRepository\jline\jline\0.9.94\jline-0.9.94.jar;D:\aaaLang\aJava\Maven\MavenRepository\io\netty\netty\3.10.5.Final\netty-3.10.5.Final.jar;D:\aaaLang\aJava\Maven\MavenRepository\org\apache\curator\curator-framework\2.12.0\curator-framework-2.12.0.jar;D:\aaaLang\aJava\Maven\MavenRepository\org\apache\curator\curator-client\2.12.0\curator-client-2.12.0.jar;D:\aaaLang\aJava\Maven\MavenRepository\com\google\guava\guava\16.0.1\guava-16.0.1.jar;D:\aaaLang\aJava\Maven\MavenRepository\com\alibaba\boot\dubbo-spring-boot-autoconfigure\0.2.0\dubbo-spring-boot-autoconfigure-0.2.0.jar;D:\aaaLang\aJava\Maven\MavenRepository\com\alibaba\fastjson\1.1.43\fastjson-1.1.43.jar;D:\aaaLang\aJava\Maven\MavenRepository\org\springframework\kafka\spring-kafka\2.1.5.RELEASE\spring-kafka-2.1.5.RELEASE.jar;D:\aaaLang\aJava\Maven\MavenRepository\org\springframework\spring-messaging\5.0.5.RELEASE\spring-messaging-5.0.5.RELEASE.jar;D:\aaaLang\aJava\Maven\MavenRepository\org\springframework\spring-tx\5.0.5.RELEASE\spring-tx-5.0.5.RELEASE.jar;D:\aaaLang\aJava\Maven\MavenRepository\org\springframework\retry\spring-retry\1.2.2.RELEASE\spring-retry-1.2.2.RELEASE.jar;D:\aaaLang\aJava\Maven\MavenRepository\org\apache\kafka\kafka-clients\1.0.1\kafka-clients-1.0.1.jar;D:\aaaLang\aJava\Maven\MavenRepository\org\lz4\lz4-java\1.4\lz4-java-1.4.jar;D:\aaaLang\aJava\Maven\MavenRepository\org\xerial\snappy\snappy-java\1.1.4\snappy-java-1.1.4.jar;D:\aaaLang\aJava\IDEA2019.2.1\lib\idea_rt.jar
2020-02-23 21:26:58.970  INFO 10772 --- [main] org.apache.zookeeper.ZooKeeper           : Client environment:java.library.path=D:\aaaLang\aJava\jdk1.8.0_221\bin;C:\WINDOWS\Sun\Java\bin;C:\WINDOWS\system32;C:\WINDOWS;D:\aaaLang\Xmanager6\;D:\aaaLang\Xftp6\;C:\Program Files (x86)\Common Files\Oracle\Java\javapath;D:\aaaLang\Xshell6\;D:\aaaLang\aJava\JDK12\bin;C:\Windows\system32;C:\Windows;C:\Windows\System32\Wbem;C:\Windows\System32\WindowsPowerShell\v1.0\;C:\Program Files (x86)\NVIDIA Corporation\PhysX\Common;C:\Program Files\NVIDIA Corporation\NVIDIA NvDLISR;D:\aPython\install\Scripts\;C:\WINDOWS\system32;C:\WINDOWS;C:\WINDOWS\System32\Wbem;C:\WINDOWS\System32\WindowsPowerShell\v1.0\;C:\WINDOWS\System32\OpenSSH\;C:\Program Files\dotnet\;C:\Program Files\Microsoft SQL Server\130\Tools\Binn\;C:\Program Files\Microsoft SQL Server\Client SDK\ODBC\170\Tools\Binn\;D:\aaaLang\aNodejs\;D:\aaaLang\aJava\Maven\apache-maven-3.6.1\bin;D:\aaaLang\MySQL\mysql-8.0.17-winx64\bin;D:\aaaLang\redis-5.0.5\redis-5.0.5;D:\aaaLang\aJava\jvisualvm_143\bin;D:\aSoftwareEnglish\Pandoc\;D:\aaaLang\Git\cmd;D:\aaaLang\TortoiseGit\bin;D:\aSoftwareEnglish\qpdf-9.0.1\bin;D:\aaaLang\nginx-1.14.0;D:\aaaLang\aErlang\RabbitMQServer\rabbitmq_server-3.7.19\sbin;D:\aaaLang\aErlang\erl10.2\bin;D:\aaaLang\MongoDB\Server4.2\bin;D:\aaaLang\aJava\Gradle\gradle-5.6.4\bin;D:\aaaLang\CURL\curl-7.66.0-win64-mingw\bin;%ROCKET_HOME%\bin;D:\aPython\install\Scripts\;D:\aPython\install\;D:\aPython\PyCharm\PyCharm Community Edition 2018.3.2\bin;;D:\aPython\install\Scripts\pip3.exe;D:\aPython\install\Scripts\pip.exe;C:\Users\Galliano\AppData\Local\Microsoft\WindowsApps;D:\aPython\PyCharm\PyCharm 2019.1.2\bin;;C:\Users\Galliano\AppData\Roaming\npm;D:\aaaLang\aJava\IDEA-2019.1.2- Community\bin;;D:\aSoftwareEnglish\BandZip\;D:\aaaLang\aJava\jdk-12.0.2\bin;;D:\aaaLang\aJava\IDEA2019.2.1\bin;;.
2020-02-23 21:26:58.970  INFO 10772 --- [main] org.apache.zookeeper.ZooKeeper           : Client environment:java.io.tmpdir=C:\Users\Galliano\AppData\Local\Temp\
2020-02-23 21:26:58.970  INFO 10772 --- [main] org.apache.zookeeper.ZooKeeper           : Client environment:java.compiler=<NA>
2020-02-23 21:26:58.970  INFO 10772 --- [main] org.apache.zookeeper.ZooKeeper           : Client environment:os.name=Windows 10
2020-02-23 21:26:58.970  INFO 10772 --- [main] org.apache.zookeeper.ZooKeeper           : Client environment:os.arch=amd64
2020-02-23 21:26:58.970  INFO 10772 --- [main] org.apache.zookeeper.ZooKeeper           : Client environment:os.version=10.0
2020-02-23 21:26:58.970  INFO 10772 --- [main] org.apache.zookeeper.ZooKeeper           : Client environment:user.name=Galliano
2020-02-23 21:26:58.970  INFO 10772 --- [main] org.apache.zookeeper.ZooKeeper           : Client environment:user.home=C:\Users\Galliano
2020-02-23 21:26:58.970  INFO 10772 --- [main] org.apache.zookeeper.ZooKeeper           : Client environment:user.dir=E:\01_Document\JAVA2\lvshop
2020-02-23 21:26:58.971  INFO 10772 --- [main] org.apache.zookeeper.ZooKeeper           : Initiating client connection, connectString=hang1:2181 sessionTimeout=60000 watcher=org.apache.curator.ConnectionState@1c7f96b1
2020-02-23 21:26:58.985  INFO 10772 --- [main-SendThread(hang1:2181)] org.apache.zookeeper.ClientCnxn          : Opening socket connection to server hang1/192.168.1.101:2181. Will not attempt to authenticate using SASL (unknown error)
2020-02-23 21:26:58.986  INFO 10772 --- [main] c.a.d.r.zookeeper.ZookeeperRegistry      :  [DUBBO] Register: dubbo://192.168.191.1:20880/com.lvshop.common.service.ProductInfoService?anyhost=true&application=lvshop-datasource&dubbo=2.6.2&generic=false&interface=com.lvshop.common.service.ProductInfoService&methods=findProductInfoById,saveProductInfo,updateProductInfo,removeProductInfoById&pid=10772&side=provider&timestamp=1582464409620, dubbo version: 2.6.2, current host: 192.168.191.1
2020-02-23 21:27:04.026 ERROR 10772 --- [main] org.apache.curator.ConnectionState       : Connection timed out for connection string (hang1:2181) and timeout (5000) / elapsed (14064)

org.apache.curator.CuratorConnectionLossException: KeeperErrorCode = ConnectionLoss
	at org.apache.curator.ConnectionState.checkTimeouts(ConnectionState.java:225) [curator-client-2.12.0.jar:na]
	at org.apache.curator.ConnectionState.getZooKeeper(ConnectionState.java:94) [curator-client-2.12.0.jar:na]
	at org.apache.curator.CuratorZookeeperClient.getZooKeeper(CuratorZookeeperClient.java:117) [curator-client-2.12.0.jar:na]
	at org.apache.curator.framework.imps.CuratorFrameworkImpl.getZooKeeper(CuratorFrameworkImpl.java:489) [curator-framework-2.12.0.jar:na]
	at org.apache.curator.framework.imps.ExistsBuilderImpl$3.call(ExistsBuilderImpl.java:237) [curator-framework-2.12.0.jar:na]
	at org.apache.curator.framework.imps.ExistsBuilderImpl$3.call(ExistsBuilderImpl.java:226) [curator-framework-2.12.0.jar:na]
	at org.apache.curator.RetryLoop.callWithRetry(RetryLoop.java:109) [curator-client-2.12.0.jar:na]
	at org.apache.curator.framework.imps.ExistsBuilderImpl.pathInForegroundStandard(ExistsBuilderImpl.java:223) [curator-framework-2.12.0.jar:na]
	at org.apache.curator.framework.imps.ExistsBuilderImpl.pathInForeground(ExistsBuilderImpl.java:216) [curator-framework-2.12.0.jar:na]
	at org.apache.curator.framework.imps.ExistsBuilderImpl.forPath(ExistsBuilderImpl.java:175) [curator-framework-2.12.0.jar:na]
	at org.apache.curator.framework.imps.ExistsBuilderImpl.forPath(ExistsBuilderImpl.java:32) [curator-framework-2.12.0.jar:na]
	at com.alibaba.dubbo.remoting.zookeeper.curator.CuratorZookeeperClient.checkExists(CuratorZookeeperClient.java:117) [dubbo-2.6.2.jar:2.6.2]
	at com.alibaba.dubbo.remoting.zookeeper.support.AbstractZookeeperClient.create(AbstractZookeeperClient.java:58) [dubbo-2.6.2.jar:2.6.2]
	at com.alibaba.dubbo.registry.zookeeper.ZookeeperRegistry.doRegister(ZookeeperRegistry.java:114) [dubbo-2.6.2.jar:2.6.2]
	at com.alibaba.dubbo.registry.support.FailbackRegistry.register(FailbackRegistry.java:131) [dubbo-2.6.2.jar:2.6.2]
	at com.alibaba.dubbo.registry.integration.RegistryProtocol.register(RegistryProtocol.java:125) [dubbo-2.6.2.jar:2.6.2]
	at com.alibaba.dubbo.registry.integration.RegistryProtocol.export(RegistryProtocol.java:145) [dubbo-2.6.2.jar:2.6.2]
	at com.alibaba.dubbo.rpc.protocol.ProtocolFilterWrapper.export(ProtocolFilterWrapper.java:98) [dubbo-2.6.2.jar:2.6.2]
	at com.alibaba.dubbo.qos.protocol.QosProtocolWrapper.export(QosProtocolWrapper.java:54) [dubbo-2.6.2.jar:2.6.2]
	at com.alibaba.dubbo.rpc.protocol.ProtocolListenerWrapper.export(ProtocolListenerWrapper.java:55) [dubbo-2.6.2.jar:2.6.2]
	at com.alibaba.dubbo.rpc.Protocol$Adaptive.export(Protocol$Adaptive.java) [dubbo-2.6.2.jar:2.6.2]
	at com.alibaba.dubbo.config.ServiceConfig.doExportUrlsFor1Protocol(ServiceConfig.java:506) [dubbo-2.6.2.jar:2.6.2]
	at com.alibaba.dubbo.config.ServiceConfig.doExportUrls(ServiceConfig.java:358) [dubbo-2.6.2.jar:2.6.2]
	at com.alibaba.dubbo.config.ServiceConfig.doExport(ServiceConfig.java:317) [dubbo-2.6.2.jar:2.6.2]
	at com.alibaba.dubbo.config.ServiceConfig.export(ServiceConfig.java:216) [dubbo-2.6.2.jar:2.6.2]
	at com.alibaba.dubbo.config.spring.ServiceBean.onApplicationEvent(ServiceBean.java:123) [dubbo-2.6.2.jar:2.6.2]
	at com.alibaba.dubbo.config.spring.ServiceBean.onApplicationEvent(ServiceBean.java:49) [dubbo-2.6.2.jar:2.6.2]
	at org.springframework.context.event.SimpleApplicationEventMulticaster.doInvokeListener(SimpleApplicationEventMulticaster.java:172) [spring-context-5.0.5.RELEASE.jar:5.0.5.RELEASE]
	at org.springframework.context.event.SimpleApplicationEventMulticaster.invokeListener(SimpleApplicationEventMulticaster.java:165) [spring-context-5.0.5.RELEASE.jar:5.0.5.RELEASE]
	at org.springframework.context.event.SimpleApplicationEventMulticaster.multicastEvent(SimpleApplicationEventMulticaster.java:139) [spring-context-5.0.5.RELEASE.jar:5.0.5.RELEASE]
	at org.springframework.context.support.AbstractApplicationContext.publishEvent(AbstractApplicationContext.java:400) [spring-context-5.0.5.RELEASE.jar:5.0.5.RELEASE]
	at org.springframework.context.support.AbstractApplicationContext.publishEvent(AbstractApplicationContext.java:354) [spring-context-5.0.5.RELEASE.jar:5.0.5.RELEASE]
	at org.springframework.context.support.AbstractApplicationContext.finishRefresh(AbstractApplicationContext.java:888) [spring-context-5.0.5.RELEASE.jar:5.0.5.RELEASE]
	at org.springframework.boot.web.servlet.context.ServletWebServerApplicationContext.finishRefresh(ServletWebServerApplicationContext.java:161) [spring-boot-2.0.1.RELEASE.jar:2.0.1.RELEASE]
	at org.springframework.context.support.AbstractApplicationContext.refresh(AbstractApplicationContext.java:553) [spring-context-5.0.5.RELEASE.jar:5.0.5.RELEASE]
	at org.springframework.boot.web.servlet.context.ServletWebServerApplicationContext.refresh(ServletWebServerApplicationContext.java:140) [spring-boot-2.0.1.RELEASE.jar:2.0.1.RELEASE]
	at org.springframework.boot.SpringApplication.refresh(SpringApplication.java:759) [spring-boot-2.0.1.RELEASE.jar:2.0.1.RELEASE]
	at org.springframework.boot.SpringApplication.refreshContext(SpringApplication.java:395) [spring-boot-2.0.1.RELEASE.jar:2.0.1.RELEASE]
	at org.springframework.boot.SpringApplication.run(SpringApplication.java:327) [spring-boot-2.0.1.RELEASE.jar:2.0.1.RELEASE]
	at org.springframework.boot.SpringApplication.run(SpringApplication.java:1255) [spring-boot-2.0.1.RELEASE.jar:2.0.1.RELEASE]
	at org.springframework.boot.SpringApplication.run(SpringApplication.java:1243) [spring-boot-2.0.1.RELEASE.jar:2.0.1.RELEASE]
	at com.lvshop.datasource.LvshopDatasourceApplication.main(LvshopDatasourceApplication.java:65) [classes/:na]

2020-02-23 21:27:10.034 ERROR 10772 --- [main] org.apache.curator.ConnectionState       : Connection timed out for connection string (hang1:2181) and timeout (5000) / elapsed (20076)

org.apache.curator.CuratorConnectionLossException: KeeperErrorCode = ConnectionLoss
	at org.apache.curator.ConnectionState.checkTimeouts(ConnectionState.java:225) [curator-client-2.12.0.jar:na]
	at org.apache.curator.ConnectionState.getZooKeeper(ConnectionState.java:94) [curator-client-2.12.0.jar:na]
	at org.apache.curator.CuratorZookeeperClient.getZooKeeper(CuratorZookeeperClient.java:117) [curator-client-2.12.0.jar:na]
	at org.apache.curator.framework.imps.CuratorFrameworkImpl.getZooKeeper(CuratorFrameworkImpl.java:489) [curator-framework-2.12.0.jar:na]
	at org.apache.curator.framework.imps.ExistsBuilderImpl$3.call(ExistsBuilderImpl.java:237) [curator-framework-2.12.0.jar:na]
	at org.apache.curator.framework.imps.ExistsBuilderImpl$3.call(ExistsBuilderImpl.java:226) [curator-framework-2.12.0.jar:na]
	at org.apache.curator.RetryLoop.callWithRetry(RetryLoop.java:109) [curator-client-2.12.0.jar:na]
	at org.apache.curator.framework.imps.ExistsBuilderImpl.pathInForegroundStandard(ExistsBuilderImpl.java:223) [curator-framework-2.12.0.jar:na]
	at org.apache.curator.framework.imps.ExistsBuilderImpl.pathInForeground(ExistsBuilderImpl.java:216) [curator-framework-2.12.0.jar:na]
	at org.apache.curator.framework.imps.ExistsBuilderImpl.forPath(ExistsBuilderImpl.java:175) [curator-framework-2.12.0.jar:na]
	at org.apache.curator.framework.imps.ExistsBuilderImpl.forPath(ExistsBuilderImpl.java:32) [curator-framework-2.12.0.jar:na]
	at com.alibaba.dubbo.remoting.zookeeper.curator.CuratorZookeeperClient.checkExists(CuratorZookeeperClient.java:117) [dubbo-2.6.2.jar:2.6.2]
	at com.alibaba.dubbo.remoting.zookeeper.support.AbstractZookeeperClient.create(AbstractZookeeperClient.java:58) [dubbo-2.6.2.jar:2.6.2]
	at com.alibaba.dubbo.registry.zookeeper.ZookeeperRegistry.doRegister(ZookeeperRegistry.java:114) [dubbo-2.6.2.jar:2.6.2]
	at com.alibaba.dubbo.registry.support.FailbackRegistry.register(FailbackRegistry.java:131) [dubbo-2.6.2.jar:2.6.2]
	at com.alibaba.dubbo.registry.integration.RegistryProtocol.register(RegistryProtocol.java:125) [dubbo-2.6.2.jar:2.6.2]
	at com.alibaba.dubbo.registry.integration.RegistryProtocol.export(RegistryProtocol.java:145) [dubbo-2.6.2.jar:2.6.2]
	at com.alibaba.dubbo.rpc.protocol.ProtocolFilterWrapper.export(ProtocolFilterWrapper.java:98) [dubbo-2.6.2.jar:2.6.2]
	at com.alibaba.dubbo.qos.protocol.QosProtocolWrapper.export(QosProtocolWrapper.java:54) [dubbo-2.6.2.jar:2.6.2]
	at com.alibaba.dubbo.rpc.protocol.ProtocolListenerWrapper.export(ProtocolListenerWrapper.java:55) [dubbo-2.6.2.jar:2.6.2]
	at com.alibaba.dubbo.rpc.Protocol$Adaptive.export(Protocol$Adaptive.java) [dubbo-2.6.2.jar:2.6.2]
	at com.alibaba.dubbo.config.ServiceConfig.doExportUrlsFor1Protocol(ServiceConfig.java:506) [dubbo-2.6.2.jar:2.6.2]
	at com.alibaba.dubbo.config.ServiceConfig.doExportUrls(ServiceConfig.java:358) [dubbo-2.6.2.jar:2.6.2]
	at com.alibaba.dubbo.config.ServiceConfig.doExport(ServiceConfig.java:317) [dubbo-2.6.2.jar:2.6.2]
	at com.alibaba.dubbo.config.ServiceConfig.export(ServiceConfig.java:216) [dubbo-2.6.2.jar:2.6.2]
	at com.alibaba.dubbo.config.spring.ServiceBean.onApplicationEvent(ServiceBean.java:123) [dubbo-2.6.2.jar:2.6.2]
	at com.alibaba.dubbo.config.spring.ServiceBean.onApplicationEvent(ServiceBean.java:49) [dubbo-2.6.2.jar:2.6.2]
	at org.springframework.context.event.SimpleApplicationEventMulticaster.doInvokeListener(SimpleApplicationEventMulticaster.java:172) [spring-context-5.0.5.RELEASE.jar:5.0.5.RELEASE]
	at org.springframework.context.event.SimpleApplicationEventMulticaster.invokeListener(SimpleApplicationEventMulticaster.java:165) [spring-context-5.0.5.RELEASE.jar:5.0.5.RELEASE]
	at org.springframework.context.event.SimpleApplicationEventMulticaster.multicastEvent(SimpleApplicationEventMulticaster.java:139) [spring-context-5.0.5.RELEASE.jar:5.0.5.RELEASE]
	at org.springframework.context.support.AbstractApplicationContext.publishEvent(AbstractApplicationContext.java:400) [spring-context-5.0.5.RELEASE.jar:5.0.5.RELEASE]
	at org.springframework.context.support.AbstractApplicationContext.publishEvent(AbstractApplicationContext.java:354) [spring-context-5.0.5.RELEASE.jar:5.0.5.RELEASE]
	at org.springframework.context.support.AbstractApplicationContext.finishRefresh(AbstractApplicationContext.java:888) [spring-context-5.0.5.RELEASE.jar:5.0.5.RELEASE]
	at org.springframework.boot.web.servlet.context.ServletWebServerApplicationContext.finishRefresh(ServletWebServerApplicationContext.java:161) [spring-boot-2.0.1.RELEASE.jar:2.0.1.RELEASE]
	at org.springframework.context.support.AbstractApplicationContext.refresh(AbstractApplicationContext.java:553) [spring-context-5.0.5.RELEASE.jar:5.0.5.RELEASE]
	at org.springframework.boot.web.servlet.context.ServletWebServerApplicationContext.refresh(ServletWebServerApplicationContext.java:140) [spring-boot-2.0.1.RELEASE.jar:2.0.1.RELEASE]
	at org.springframework.boot.SpringApplication.refresh(SpringApplication.java:759) [spring-boot-2.0.1.RELEASE.jar:2.0.1.RELEASE]
	at org.springframework.boot.SpringApplication.refreshContext(SpringApplication.java:395) [spring-boot-2.0.1.RELEASE.jar:2.0.1.RELEASE]
	at org.springframework.boot.SpringApplication.run(SpringApplication.java:327) [spring-boot-2.0.1.RELEASE.jar:2.0.1.RELEASE]
	at org.springframework.boot.SpringApplication.run(SpringApplication.java:1255) [spring-boot-2.0.1.RELEASE.jar:2.0.1.RELEASE]
	at org.springframework.boot.SpringApplication.run(SpringApplication.java:1243) [spring-boot-2.0.1.RELEASE.jar:2.0.1.RELEASE]
	at com.lvshop.datasource.LvshopDatasourceApplication.main(LvshopDatasourceApplication.java:65) [classes/:na]

2020-02-23 21:27:15.040 ERROR 10772 --- [main] org.apache.curator.ConnectionState       : Connection timed out for connection string (hang1:2181) and timeout (5000) / elapsed (25083)

org.apache.curator.CuratorConnectionLossException: KeeperErrorCode = ConnectionLoss
	at org.apache.curator.ConnectionState.checkTimeouts(ConnectionState.java:225) [curator-client-2.12.0.jar:na]
	at org.apache.curator.ConnectionState.getZooKeeper(ConnectionState.java:94) [curator-client-2.12.0.jar:na]
	at org.apache.curator.CuratorZookeeperClient.getZooKeeper(CuratorZookeeperClient.java:117) [curator-client-2.12.0.jar:na]
	at org.apache.curator.framework.imps.CuratorFrameworkImpl.getZooKeeper(CuratorFrameworkImpl.java:489) [curator-framework-2.12.0.jar:na]
	at org.apache.curator.framework.imps.ExistsBuilderImpl$3.call(ExistsBuilderImpl.java:237) [curator-framework-2.12.0.jar:na]
	at org.apache.curator.framework.imps.ExistsBuilderImpl$3.call(ExistsBuilderImpl.java:226) [curator-framework-2.12.0.jar:na]
	at org.apache.curator.RetryLoop.callWithRetry(RetryLoop.java:109) [curator-client-2.12.0.jar:na]
	at org.apache.curator.framework.imps.ExistsBuilderImpl.pathInForegroundStandard(ExistsBuilderImpl.java:223) [curator-framework-2.12.0.jar:na]
	at org.apache.curator.framework.imps.ExistsBuilderImpl.pathInForeground(ExistsBuilderImpl.java:216) [curator-framework-2.12.0.jar:na]
	at org.apache.curator.framework.imps.ExistsBuilderImpl.forPath(ExistsBuilderImpl.java:175) [curator-framework-2.12.0.jar:na]
	at org.apache.curator.framework.imps.ExistsBuilderImpl.forPath(ExistsBuilderImpl.java:32) [curator-framework-2.12.0.jar:na]
	at com.alibaba.dubbo.remoting.zookeeper.curator.CuratorZookeeperClient.checkExists(CuratorZookeeperClient.java:117) [dubbo-2.6.2.jar:2.6.2]
	at com.alibaba.dubbo.remoting.zookeeper.support.AbstractZookeeperClient.create(AbstractZookeeperClient.java:58) [dubbo-2.6.2.jar:2.6.2]
	at com.alibaba.dubbo.remoting.zookeeper.support.AbstractZookeeperClient.create(AbstractZookeeperClient.java:59) [dubbo-2.6.2.jar:2.6.2]
	at com.alibaba.dubbo.registry.zookeeper.ZookeeperRegistry.doRegister(ZookeeperRegistry.java:114) [dubbo-2.6.2.jar:2.6.2]
	at com.alibaba.dubbo.registry.support.FailbackRegistry.register(FailbackRegistry.java:131) [dubbo-2.6.2.jar:2.6.2]
	at com.alibaba.dubbo.registry.integration.RegistryProtocol.register(RegistryProtocol.java:125) [dubbo-2.6.2.jar:2.6.2]
	at com.alibaba.dubbo.registry.integration.RegistryProtocol.export(RegistryProtocol.java:145) [dubbo-2.6.2.jar:2.6.2]
	at com.alibaba.dubbo.rpc.protocol.ProtocolFilterWrapper.export(ProtocolFilterWrapper.java:98) [dubbo-2.6.2.jar:2.6.2]
	at com.alibaba.dubbo.qos.protocol.QosProtocolWrapper.export(QosProtocolWrapper.java:54) [dubbo-2.6.2.jar:2.6.2]
	at com.alibaba.dubbo.rpc.protocol.ProtocolListenerWrapper.export(ProtocolListenerWrapper.java:55) [dubbo-2.6.2.jar:2.6.2]
	at com.alibaba.dubbo.rpc.Protocol$Adaptive.export(Protocol$Adaptive.java) [dubbo-2.6.2.jar:2.6.2]
	at com.alibaba.dubbo.config.ServiceConfig.doExportUrlsFor1Protocol(ServiceConfig.java:506) [dubbo-2.6.2.jar:2.6.2]
	at com.alibaba.dubbo.config.ServiceConfig.doExportUrls(ServiceConfig.java:358) [dubbo-2.6.2.jar:2.6.2]
	at com.alibaba.dubbo.config.ServiceConfig.doExport(ServiceConfig.java:317) [dubbo-2.6.2.jar:2.6.2]
	at com.alibaba.dubbo.config.ServiceConfig.export(ServiceConfig.java:216) [dubbo-2.6.2.jar:2.6.2]
	at com.alibaba.dubbo.config.spring.ServiceBean.onApplicationEvent(ServiceBean.java:123) [dubbo-2.6.2.jar:2.6.2]
	at com.alibaba.dubbo.config.spring.ServiceBean.onApplicationEvent(ServiceBean.java:49) [dubbo-2.6.2.jar:2.6.2]
	at org.springframework.context.event.SimpleApplicationEventMulticaster.doInvokeListener(SimpleApplicationEventMulticaster.java:172) [spring-context-5.0.5.RELEASE.jar:5.0.5.RELEASE]
	at org.springframework.context.event.SimpleApplicationEventMulticaster.invokeListener(SimpleApplicationEventMulticaster.java:165) [spring-context-5.0.5.RELEASE.jar:5.0.5.RELEASE]
	at org.springframework.context.event.SimpleApplicationEventMulticaster.multicastEvent(SimpleApplicationEventMulticaster.java:139) [spring-context-5.0.5.RELEASE.jar:5.0.5.RELEASE]
	at org.springframework.context.support.AbstractApplicationContext.publishEvent(AbstractApplicationContext.java:400) [spring-context-5.0.5.RELEASE.jar:5.0.5.RELEASE]
	at org.springframework.context.support.AbstractApplicationContext.publishEvent(AbstractApplicationContext.java:354) [spring-context-5.0.5.RELEASE.jar:5.0.5.RELEASE]
	at org.springframework.context.support.AbstractApplicationContext.finishRefresh(AbstractApplicationContext.java:888) [spring-context-5.0.5.RELEASE.jar:5.0.5.RELEASE]
	at org.springframework.boot.web.servlet.context.ServletWebServerApplicationContext.finishRefresh(ServletWebServerApplicationContext.java:161) [spring-boot-2.0.1.RELEASE.jar:2.0.1.RELEASE]
	at org.springframework.context.support.AbstractApplicationContext.refresh(AbstractApplicationContext.java:553) [spring-context-5.0.5.RELEASE.jar:5.0.5.RELEASE]
	at org.springframework.boot.web.servlet.context.ServletWebServerApplicationContext.refresh(ServletWebServerApplicationContext.java:140) [spring-boot-2.0.1.RELEASE.jar:2.0.1.RELEASE]
	at org.springframework.boot.SpringApplication.refresh(SpringApplication.java:759) [spring-boot-2.0.1.RELEASE.jar:2.0.1.RELEASE]
	at org.springframework.boot.SpringApplication.refreshContext(SpringApplication.java:395) [spring-boot-2.0.1.RELEASE.jar:2.0.1.RELEASE]
	at org.springframework.boot.SpringApplication.run(SpringApplication.java:327) [spring-boot-2.0.1.RELEASE.jar:2.0.1.RELEASE]
	at org.springframework.boot.SpringApplication.run(SpringApplication.java:1255) [spring-boot-2.0.1.RELEASE.jar:2.0.1.RELEASE]
	at org.springframework.boot.SpringApplication.run(SpringApplication.java:1243) [spring-boot-2.0.1.RELEASE.jar:2.0.1.RELEASE]
	at com.lvshop.datasource.LvshopDatasourceApplication.main(LvshopDatasourceApplication.java:65) [classes/:na]

2020-02-23 21:27:19.990  WARN 10772 --- [main-SendThread(hang1:2181)] org.apache.zookeeper.ClientCnxn          : Session 0x0 for server null, unexpected error, closing socket connection and attempting reconnect

java.net.ConnectException: Connection timed out: no further information
	at sun.nio.ch.SocketChannelImpl.checkConnect(Native Method) ~[na:1.8.0_221]
	at sun.nio.ch.SocketChannelImpl.finishConnect(SocketChannelImpl.java:717) ~[na:1.8.0_221]
	at org.apache.zookeeper.ClientCnxnSocketNIO.doTransport(ClientCnxnSocketNIO.java:361) ~[zookeeper-3.4.9.jar:3.4.9-1757313]
	at org.apache.zookeeper.ClientCnxn$SendThread.run(ClientCnxn.java:1141) ~[zookeeper-3.4.9.jar:3.4.9-1757313]

2020-02-23 21:27:21.047 ERROR 10772 --- [main] org.apache.curator.ConnectionState       : Connection timed out for connection string (hang1:2181) and timeout (5000) / elapsed (31090)

org.apache.curator.CuratorConnectionLossException: KeeperErrorCode = ConnectionLoss
	at org.apache.curator.ConnectionState.checkTimeouts(ConnectionState.java:225) [curator-client-2.12.0.jar:na]
	at org.apache.curator.ConnectionState.getZooKeeper(ConnectionState.java:94) [curator-client-2.12.0.jar:na]
	at org.apache.curator.CuratorZookeeperClient.getZooKeeper(CuratorZookeeperClient.java:117) [curator-client-2.12.0.jar:na]
	at org.apache.curator.framework.imps.CuratorFrameworkImpl.getZooKeeper(CuratorFrameworkImpl.java:489) [curator-framework-2.12.0.jar:na]
	at org.apache.curator.framework.imps.ExistsBuilderImpl$3.call(ExistsBuilderImpl.java:237) [curator-framework-2.12.0.jar:na]
	at org.apache.curator.framework.imps.ExistsBuilderImpl$3.call(ExistsBuilderImpl.java:226) [curator-framework-2.12.0.jar:na]
	at org.apache.curator.RetryLoop.callWithRetry(RetryLoop.java:109) [curator-client-2.12.0.jar:na]
	at org.apache.curator.framework.imps.ExistsBuilderImpl.pathInForegroundStandard(ExistsBuilderImpl.java:223) [curator-framework-2.12.0.jar:na]
	at org.apache.curator.framework.imps.ExistsBuilderImpl.pathInForeground(ExistsBuilderImpl.java:216) [curator-framework-2.12.0.jar:na]
	at org.apache.curator.framework.imps.ExistsBuilderImpl.forPath(ExistsBuilderImpl.java:175) [curator-framework-2.12.0.jar:na]
	at org.apache.curator.framework.imps.ExistsBuilderImpl.forPath(ExistsBuilderImpl.java:32) [curator-framework-2.12.0.jar:na]
	at com.alibaba.dubbo.remoting.zookeeper.curator.CuratorZookeeperClient.checkExists(CuratorZookeeperClient.java:117) [dubbo-2.6.2.jar:2.6.2]
	at com.alibaba.dubbo.remoting.zookeeper.support.AbstractZookeeperClient.create(AbstractZookeeperClient.java:58) [dubbo-2.6.2.jar:2.6.2]
	at com.alibaba.dubbo.remoting.zookeeper.support.AbstractZookeeperClient.create(AbstractZookeeperClient.java:59) [dubbo-2.6.2.jar:2.6.2]
	at com.alibaba.dubbo.registry.zookeeper.ZookeeperRegistry.doRegister(ZookeeperRegistry.java:114) [dubbo-2.6.2.jar:2.6.2]
	at com.alibaba.dubbo.registry.support.FailbackRegistry.register(FailbackRegistry.java:131) [dubbo-2.6.2.jar:2.6.2]
	at com.alibaba.dubbo.registry.integration.RegistryProtocol.register(RegistryProtocol.java:125) [dubbo-2.6.2.jar:2.6.2]
	at com.alibaba.dubbo.registry.integration.RegistryProtocol.export(RegistryProtocol.java:145) [dubbo-2.6.2.jar:2.6.2]
	at com.alibaba.dubbo.rpc.protocol.ProtocolFilterWrapper.export(ProtocolFilterWrapper.java:98) [dubbo-2.6.2.jar:2.6.2]
	at com.alibaba.dubbo.qos.protocol.QosProtocolWrapper.export(QosProtocolWrapper.java:54) [dubbo-2.6.2.jar:2.6.2]
	at com.alibaba.dubbo.rpc.protocol.ProtocolListenerWrapper.export(ProtocolListenerWrapper.java:55) [dubbo-2.6.2.jar:2.6.2]
	at com.alibaba.dubbo.rpc.Protocol$Adaptive.export(Protocol$Adaptive.java) [dubbo-2.6.2.jar:2.6.2]
	at com.alibaba.dubbo.config.ServiceConfig.doExportUrlsFor1Protocol(ServiceConfig.java:506) [dubbo-2.6.2.jar:2.6.2]
	at com.alibaba.dubbo.config.ServiceConfig.doExportUrls(ServiceConfig.java:358) [dubbo-2.6.2.jar:2.6.2]
	at com.alibaba.dubbo.config.ServiceConfig.doExport(ServiceConfig.java:317) [dubbo-2.6.2.jar:2.6.2]
	at com.alibaba.dubbo.config.ServiceConfig.export(ServiceConfig.java:216) [dubbo-2.6.2.jar:2.6.2]
	at com.alibaba.dubbo.config.spring.ServiceBean.onApplicationEvent(ServiceBean.java:123) [dubbo-2.6.2.jar:2.6.2]
	at com.alibaba.dubbo.config.spring.ServiceBean.onApplicationEvent(ServiceBean.java:49) [dubbo-2.6.2.jar:2.6.2]
	at org.springframework.context.event.SimpleApplicationEventMulticaster.doInvokeListener(SimpleApplicationEventMulticaster.java:172) [spring-context-5.0.5.RELEASE.jar:5.0.5.RELEASE]
	at org.springframework.context.event.SimpleApplicationEventMulticaster.invokeListener(SimpleApplicationEventMulticaster.java:165) [spring-context-5.0.5.RELEASE.jar:5.0.5.RELEASE]
	at org.springframework.context.event.SimpleApplicationEventMulticaster.multicastEvent(SimpleApplicationEventMulticaster.java:139) [spring-context-5.0.5.RELEASE.jar:5.0.5.RELEASE]
	at org.springframework.context.support.AbstractApplicationContext.publishEvent(AbstractApplicationContext.java:400) [spring-context-5.0.5.RELEASE.jar:5.0.5.RELEASE]
	at org.springframework.context.support.AbstractApplicationContext.publishEvent(AbstractApplicationContext.java:354) [spring-context-5.0.5.RELEASE.jar:5.0.5.RELEASE]
	at org.springframework.context.support.AbstractApplicationContext.finishRefresh(AbstractApplicationContext.java:888) [spring-context-5.0.5.RELEASE.jar:5.0.5.RELEASE]
	at org.springframework.boot.web.servlet.context.ServletWebServerApplicationContext.finishRefresh(ServletWebServerApplicationContext.java:161) [spring-boot-2.0.1.RELEASE.jar:2.0.1.RELEASE]
	at org.springframework.context.support.AbstractApplicationContext.refresh(AbstractApplicationContext.java:553) [spring-context-5.0.5.RELEASE.jar:5.0.5.RELEASE]
	at org.springframework.boot.web.servlet.context.ServletWebServerApplicationContext.refresh(ServletWebServerApplicationContext.java:140) [spring-boot-2.0.1.RELEASE.jar:2.0.1.RELEASE]
	at org.springframework.boot.SpringApplication.refresh(SpringApplication.java:759) [spring-boot-2.0.1.RELEASE.jar:2.0.1.RELEASE]
	at org.springframework.boot.SpringApplication.refreshContext(SpringApplication.java:395) [spring-boot-2.0.1.RELEASE.jar:2.0.1.RELEASE]
	at org.springframework.boot.SpringApplication.run(SpringApplication.java:327) [spring-boot-2.0.1.RELEASE.jar:2.0.1.RELEASE]
	at org.springframework.boot.SpringApplication.run(SpringApplication.java:1255) [spring-boot-2.0.1.RELEASE.jar:2.0.1.RELEASE]
	at org.springframework.boot.SpringApplication.run(SpringApplication.java:1243) [spring-boot-2.0.1.RELEASE.jar:2.0.1.RELEASE]
	at com.lvshop.datasource.LvshopDatasourceApplication.main(LvshopDatasourceApplication.java:65) [classes/:na]

2020-02-23 21:27:21.092  INFO 10772 --- [main-SendThread(hang1:2181)] org.apache.zookeeper.ClientCnxn          : Opening socket connection to server hang1/192.168.1.101:2181. Will not attempt to authenticate using SASL (unknown error)
2020-02-23 21:27:26.052 ERROR 10772 --- [main] org.apache.curator.ConnectionState       : Connection timed out for connection string (hang1:2181) and timeout (5000) / elapsed (36095)

org.apache.curator.CuratorConnectionLossException: KeeperErrorCode = ConnectionLoss
	at org.apache.curator.ConnectionState.checkTimeouts(ConnectionState.java:225) [curator-client-2.12.0.jar:na]
	at org.apache.curator.ConnectionState.getZooKeeper(ConnectionState.java:94) [curator-client-2.12.0.jar:na]
	at org.apache.curator.CuratorZookeeperClient.getZooKeeper(CuratorZookeeperClient.java:117) [curator-client-2.12.0.jar:na]
	at org.apache.curator.framework.imps.CuratorFrameworkImpl.getZooKeeper(CuratorFrameworkImpl.java:489) [curator-framework-2.12.0.jar:na]
	at org.apache.curator.framework.imps.ExistsBuilderImpl$3.call(ExistsBuilderImpl.java:237) [curator-framework-2.12.0.jar:na]
	at org.apache.curator.framework.imps.ExistsBuilderImpl$3.call(ExistsBuilderImpl.java:226) [curator-framework-2.12.0.jar:na]
	at org.apache.curator.RetryLoop.callWithRetry(RetryLoop.java:109) [curator-client-2.12.0.jar:na]
	at org.apache.curator.framework.imps.ExistsBuilderImpl.pathInForegroundStandard(ExistsBuilderImpl.java:223) [curator-framework-2.12.0.jar:na]
	at org.apache.curator.framework.imps.ExistsBuilderImpl.pathInForeground(ExistsBuilderImpl.java:216) [curator-framework-2.12.0.jar:na]
	at org.apache.curator.framework.imps.ExistsBuilderImpl.forPath(ExistsBuilderImpl.java:175) [curator-framework-2.12.0.jar:na]
	at org.apache.curator.framework.imps.ExistsBuilderImpl.forPath(ExistsBuilderImpl.java:32) [curator-framework-2.12.0.jar:na]
	at com.alibaba.dubbo.remoting.zookeeper.curator.CuratorZookeeperClient.checkExists(CuratorZookeeperClient.java:117) [dubbo-2.6.2.jar:2.6.2]
	at com.alibaba.dubbo.remoting.zookeeper.support.AbstractZookeeperClient.create(AbstractZookeeperClient.java:58) [dubbo-2.6.2.jar:2.6.2]
	at com.alibaba.dubbo.remoting.zookeeper.support.AbstractZookeeperClient.create(AbstractZookeeperClient.java:59) [dubbo-2.6.2.jar:2.6.2]
	at com.alibaba.dubbo.remoting.zookeeper.support.AbstractZookeeperClient.create(AbstractZookeeperClient.java:59) [dubbo-2.6.2.jar:2.6.2]
	at com.alibaba.dubbo.registry.zookeeper.ZookeeperRegistry.doRegister(ZookeeperRegistry.java:114) [dubbo-2.6.2.jar:2.6.2]
	at com.alibaba.dubbo.registry.support.FailbackRegistry.register(FailbackRegistry.java:131) [dubbo-2.6.2.jar:2.6.2]
	at com.alibaba.dubbo.registry.integration.RegistryProtocol.register(RegistryProtocol.java:125) [dubbo-2.6.2.jar:2.6.2]
	at com.alibaba.dubbo.registry.integration.RegistryProtocol.export(RegistryProtocol.java:145) [dubbo-2.6.2.jar:2.6.2]
	at com.alibaba.dubbo.rpc.protocol.ProtocolFilterWrapper.export(ProtocolFilterWrapper.java:98) [dubbo-2.6.2.jar:2.6.2]
	at com.alibaba.dubbo.qos.protocol.QosProtocolWrapper.export(QosProtocolWrapper.java:54) [dubbo-2.6.2.jar:2.6.2]
	at com.alibaba.dubbo.rpc.protocol.ProtocolListenerWrapper.export(ProtocolListenerWrapper.java:55) [dubbo-2.6.2.jar:2.6.2]
	at com.alibaba.dubbo.rpc.Protocol$Adaptive.export(Protocol$Adaptive.java) [dubbo-2.6.2.jar:2.6.2]
	at com.alibaba.dubbo.config.ServiceConfig.doExportUrlsFor1Protocol(ServiceConfig.java:506) [dubbo-2.6.2.jar:2.6.2]
	at com.alibaba.dubbo.config.ServiceConfig.doExportUrls(ServiceConfig.java:358) [dubbo-2.6.2.jar:2.6.2]
	at com.alibaba.dubbo.config.ServiceConfig.doExport(ServiceConfig.java:317) [dubbo-2.6.2.jar:2.6.2]
	at com.alibaba.dubbo.config.ServiceConfig.export(ServiceConfig.java:216) [dubbo-2.6.2.jar:2.6.2]
	at com.alibaba.dubbo.config.spring.ServiceBean.onApplicationEvent(ServiceBean.java:123) [dubbo-2.6.2.jar:2.6.2]
	at com.alibaba.dubbo.config.spring.ServiceBean.onApplicationEvent(ServiceBean.java:49) [dubbo-2.6.2.jar:2.6.2]
	at org.springframework.context.event.SimpleApplicationEventMulticaster.doInvokeListener(SimpleApplicationEventMulticaster.java:172) [spring-context-5.0.5.RELEASE.jar:5.0.5.RELEASE]
	at org.springframework.context.event.SimpleApplicationEventMulticaster.invokeListener(SimpleApplicationEventMulticaster.java:165) [spring-context-5.0.5.RELEASE.jar:5.0.5.RELEASE]
	at org.springframework.context.event.SimpleApplicationEventMulticaster.multicastEvent(SimpleApplicationEventMulticaster.java:139) [spring-context-5.0.5.RELEASE.jar:5.0.5.RELEASE]
	at org.springframework.context.support.AbstractApplicationContext.publishEvent(AbstractApplicationContext.java:400) [spring-context-5.0.5.RELEASE.jar:5.0.5.RELEASE]
	at org.springframework.context.support.AbstractApplicationContext.publishEvent(AbstractApplicationContext.java:354) [spring-context-5.0.5.RELEASE.jar:5.0.5.RELEASE]
	at org.springframework.context.support.AbstractApplicationContext.finishRefresh(AbstractApplicationContext.java:888) [spring-context-5.0.5.RELEASE.jar:5.0.5.RELEASE]
	at org.springframework.boot.web.servlet.context.ServletWebServerApplicationContext.finishRefresh(ServletWebServerApplicationContext.java:161) [spring-boot-2.0.1.RELEASE.jar:2.0.1.RELEASE]
	at org.springframework.context.support.AbstractApplicationContext.refresh(AbstractApplicationContext.java:553) [spring-context-5.0.5.RELEASE.jar:5.0.5.RELEASE]
	at org.springframework.boot.web.servlet.context.ServletWebServerApplicationContext.refresh(ServletWebServerApplicationContext.java:140) [spring-boot-2.0.1.RELEASE.jar:2.0.1.RELEASE]
	at org.springframework.boot.SpringApplication.refresh(SpringApplication.java:759) [spring-boot-2.0.1.RELEASE.jar:2.0.1.RELEASE]
	at org.springframework.boot.SpringApplication.refreshContext(SpringApplication.java:395) [spring-boot-2.0.1.RELEASE.jar:2.0.1.RELEASE]
	at org.springframework.boot.SpringApplication.run(SpringApplication.java:327) [spring-boot-2.0.1.RELEASE.jar:2.0.1.RELEASE]
	at org.springframework.boot.SpringApplication.run(SpringApplication.java:1255) [spring-boot-2.0.1.RELEASE.jar:2.0.1.RELEASE]
	at org.springframework.boot.SpringApplication.run(SpringApplication.java:1243) [spring-boot-2.0.1.RELEASE.jar:2.0.1.RELEASE]
	at com.lvshop.datasource.LvshopDatasourceApplication.main(LvshopDatasourceApplication.java:65) [classes/:na]

