2020-02-23 21:19:39.657  INFO 3268 --- [main] c.l.i.LvshopInventoryApplication         : Starting LvshopInventoryApplication on Galliano with PID 3268 (E:\01_Document\JAVA2\lvshop\lvshop-inventory\target\classes started by Galliano in E:\01_Document\JAVA2\lvshop)
2020-02-23 21:19:39.668  INFO 3268 --- [main] c.l.i.LvshopInventoryApplication         : No active profile set, falling back to default profiles: default
2020-02-23 21:19:39.730  INFO 3268 --- [main] ConfigServletWebServerApplicationContext : Refreshing org.springframework.boot.web.servlet.context.AnnotationConfigServletWebServerApplicationContext@1a482e36: startup date [Sun Feb 23 21:19:39 CST 2020]; root of context hierarchy
2020-02-23 21:19:40.745  INFO 3268 --- [main] .s.d.r.c.RepositoryConfigurationDelegate : Multiple Spring Data modules found, entering strict repository configuration mode!
2020-02-23 21:19:41.167  INFO 3268 --- [main] trationDelegate$BeanPostProcessorChecker : Bean 'org.springframework.transaction.annotation.ProxyTransactionManagementConfiguration' of type [org.springframework.transaction.annotation.ProxyTransactionManagementConfiguration$$EnhancerBySpringCGLIB$$a7ae6c6] is not eligible for getting processed by all BeanPostProcessors (for example: not eligible for auto-proxying)
2020-02-23 21:19:41.449  INFO 3268 --- [main] o.s.b.w.embedded.tomcat.TomcatWebServer  : Tomcat initialized with port(s): 8082 (http)
2020-02-23 21:19:41.468  INFO 3268 --- [main] o.apache.catalina.core.StandardService   : Starting service [Tomcat]
2020-02-23 21:19:41.468  INFO 3268 --- [main] org.apache.catalina.core.StandardEngine  : Starting Servlet Engine: Apache Tomcat/8.5.29
2020-02-23 21:19:41.472  INFO 3268 --- [localhost-startStop-1] o.a.catalina.core.AprLifecycleListener   : The APR based Apache Tomcat Native library which allows optimal performance in production environments was not found on the java.library.path: [D:\aaaLang\aJava\jdk1.8.0_221\bin;C:\WINDOWS\Sun\Java\bin;C:\WINDOWS\system32;C:\WINDOWS;D:\aaaLang\Xmanager6\;D:\aaaLang\Xftp6\;C:\Program Files (x86)\Common Files\Oracle\Java\javapath;D:\aaaLang\Xshell6\;D:\aaaLang\aJava\JDK12\bin;C:\Windows\system32;C:\Windows;C:\Windows\System32\Wbem;C:\Windows\System32\WindowsPowerShell\v1.0\;C:\Program Files (x86)\NVIDIA Corporation\PhysX\Common;C:\Program Files\NVIDIA Corporation\NVIDIA NvDLISR;D:\aPython\install\Scripts\;C:\WINDOWS\system32;C:\WINDOWS;C:\WINDOWS\System32\Wbem;C:\WINDOWS\System32\WindowsPowerShell\v1.0\;C:\WINDOWS\System32\OpenSSH\;C:\Program Files\dotnet\;C:\Program Files\Microsoft SQL Server\130\Tools\Binn\;C:\Program Files\Microsoft SQL Server\Client SDK\ODBC\170\Tools\Binn\;D:\aaaLang\aNodejs\;D:\aaaLang\aJava\Maven\apache-maven-3.6.1\bin;D:\aaaLang\MySQL\mysql-8.0.17-winx64\bin;D:\aaaLang\redis-5.0.5\redis-5.0.5;D:\aaaLang\aJava\jvisualvm_143\bin;D:\aSoftwareEnglish\Pandoc\;D:\aaaLang\Git\cmd;D:\aaaLang\TortoiseGit\bin;D:\aSoftwareEnglish\qpdf-9.0.1\bin;D:\aaaLang\nginx-1.14.0;D:\aaaLang\aErlang\RabbitMQServer\rabbitmq_server-3.7.19\sbin;D:\aaaLang\aErlang\erl10.2\bin;D:\aaaLang\MongoDB\Server4.2\bin;D:\aaaLang\aJava\Gradle\gradle-5.6.4\bin;D:\aaaLang\CURL\curl-7.66.0-win64-mingw\bin;%ROCKET_HOME%\bin;D:\aPython\install\Scripts\;D:\aPython\install\;D:\aPython\PyCharm\PyCharm Community Edition 2018.3.2\bin;;D:\aPython\install\Scripts\pip3.exe;D:\aPython\install\Scripts\pip.exe;C:\Users\Galliano\AppData\Local\Microsoft\WindowsApps;D:\aPython\PyCharm\PyCharm 2019.1.2\bin;;C:\Users\Galliano\AppData\Roaming\npm;D:\aaaLang\aJava\IDEA-2019.1.2- Community\bin;;D:\aSoftwareEnglish\BandZip\;D:\aaaLang\aJava\jdk-12.0.2\bin;;D:\aaaLang\aJava\IDEA2019.2.1\bin;;.]
2020-02-23 21:19:41.559  INFO 3268 --- [localhost-startStop-1] o.a.c.c.C.[Tomcat].[localhost].[/]       : Initializing Spring embedded WebApplicationContext
2020-02-23 21:19:41.559  INFO 3268 --- [localhost-startStop-1] o.s.web.context.ContextLoader            : Root WebApplicationContext: initialization completed in 1829 ms
2020-02-23 21:19:41.694  INFO 3268 --- [localhost-startStop-1] o.s.b.w.servlet.ServletRegistrationBean  : Servlet dispatcherServlet mapped to [/]
2020-02-23 21:19:41.701  INFO 3268 --- [localhost-startStop-1] o.s.b.w.servlet.FilterRegistrationBean   : Mapping filter: 'characterEncodingFilter' to: [/*]
2020-02-23 21:19:41.701  INFO 3268 --- [localhost-startStop-1] o.s.b.w.servlet.FilterRegistrationBean   : Mapping filter: 'hiddenHttpMethodFilter' to: [/*]
2020-02-23 21:19:41.702  INFO 3268 --- [localhost-startStop-1] o.s.b.w.servlet.FilterRegistrationBean   : Mapping filter: 'httpPutFormContentFilter' to: [/*]
2020-02-23 21:19:41.702  INFO 3268 --- [localhost-startStop-1] o.s.b.w.servlet.FilterRegistrationBean   : Mapping filter: 'requestContextFilter' to: [/*]
2020-02-23 21:19:41.721  INFO 3268 --- [localhost-startStop-1] c.l.inventory.listener.InitListener      : [已初始化请求处理线程池和内存队列]
2020-02-23 21:19:42.255  INFO 3268 --- [main] o.s.s.concurrent.ThreadPoolTaskExecutor  : Initializing ExecutorService 
2020-02-23 21:19:42.372  INFO 3268 --- [main] o.s.w.s.handler.SimpleUrlHandlerMapping  : Mapped URL path [/**/favicon.ico] onto handler of type [class org.springframework.web.servlet.resource.ResourceHttpRequestHandler]
2020-02-23 21:19:42.609  INFO 3268 --- [main] s.w.s.m.m.a.RequestMappingHandlerAdapter : Looking for @ControllerAdvice: org.springframework.boot.web.servlet.context.AnnotationConfigServletWebServerApplicationContext@1a482e36: startup date [Sun Feb 23 21:19:39 CST 2020]; root of context hierarchy
2020-02-23 21:19:42.664  INFO 3268 --- [main] s.w.s.m.m.a.RequestMappingHandlerMapping : Mapped "{[/getProductInventory]}" onto public com.lvshop.inventory.pojo.ProductInventory com.lvshop.inventory.controller.ProductInventoryController.getProductInventory(java.lang.Long)
2020-02-23 21:19:42.665  INFO 3268 --- [main] s.w.s.m.m.a.RequestMappingHandlerMapping : Mapped "{[/saveProductInventory]}" onto public com.lvshop.inventory.vo.Response com.lvshop.inventory.controller.ProductInventoryController.saveProductInventory(com.lvshop.inventory.pojo.ProductInventory)
2020-02-23 21:19:42.665  INFO 3268 --- [main] s.w.s.m.m.a.RequestMappingHandlerMapping : Mapped "{[/updateProductInventory]}" onto public com.lvshop.inventory.vo.Response com.lvshop.inventory.controller.ProductInventoryController.updateProductInventory(com.lvshop.inventory.pojo.ProductInventory)
2020-02-23 21:19:42.666  INFO 3268 --- [main] s.w.s.m.m.a.RequestMappingHandlerMapping : Mapped "{[/getUserInfo]}" onto public com.lvshop.inventory.pojo.User com.lvshop.inventory.controller.UserController.getUserInfo(java.lang.Long)
2020-02-23 21:19:42.666  INFO 3268 --- [main] s.w.s.m.m.a.RequestMappingHandlerMapping : Mapped "{[/saveUserInfo]}" onto public com.lvshop.inventory.vo.Response com.lvshop.inventory.controller.UserController.saveUserInfo(com.lvshop.inventory.pojo.User)
2020-02-23 21:19:42.666  INFO 3268 --- [main] s.w.s.m.m.a.RequestMappingHandlerMapping : Mapped "{[/updateUserInfo]}" onto public com.lvshop.inventory.vo.Response com.lvshop.inventory.controller.UserController.updateUserInfo(com.lvshop.inventory.pojo.User)
2020-02-23 21:19:42.666  INFO 3268 --- [main] s.w.s.m.m.a.RequestMappingHandlerMapping : Mapped "{[/removeUserInfo]}" onto public com.lvshop.inventory.vo.Response com.lvshop.inventory.controller.UserController.removeUserInfo(java.lang.Long)
2020-02-23 21:19:42.669  INFO 3268 --- [main] s.w.s.m.m.a.RequestMappingHandlerMapping : Mapped "{[/error]}" onto public org.springframework.http.ResponseEntity<java.util.Map<java.lang.String, java.lang.Object>> org.springframework.boot.autoconfigure.web.servlet.error.BasicErrorController.error(javax.servlet.http.HttpServletRequest)
2020-02-23 21:19:42.670  INFO 3268 --- [main] s.w.s.m.m.a.RequestMappingHandlerMapping : Mapped "{[/error],produces=[text/html]}" onto public org.springframework.web.servlet.ModelAndView org.springframework.boot.autoconfigure.web.servlet.error.BasicErrorController.errorHtml(javax.servlet.http.HttpServletRequest,javax.servlet.http.HttpServletResponse)
2020-02-23 21:19:42.697  INFO 3268 --- [main] o.s.w.s.handler.SimpleUrlHandlerMapping  : Mapped URL path [/webjars/**] onto handler of type [class org.springframework.web.servlet.resource.ResourceHttpRequestHandler]
2020-02-23 21:19:42.697  INFO 3268 --- [main] o.s.w.s.handler.SimpleUrlHandlerMapping  : Mapped URL path [/**] onto handler of type [class org.springframework.web.servlet.resource.ResourceHttpRequestHandler]
2020-02-23 21:19:43.101  INFO 3268 --- [main] o.s.j.e.a.AnnotationMBeanExporter        : Registering beans for JMX exposure on startup
2020-02-23 21:19:43.102  INFO 3268 --- [main] o.s.j.e.a.AnnotationMBeanExporter        : Bean with name 'dataSource' has been autodetected for JMX exposure
2020-02-23 21:19:43.111  INFO 3268 --- [main] o.s.j.e.a.AnnotationMBeanExporter        : Located MBean 'dataSource': registering with JMX server as MBean [com.zaxxer.hikari:name=dataSource,type=HikariDataSource]
2020-02-23 21:19:43.146  INFO 3268 --- [main] o.s.b.w.embedded.tomcat.TomcatWebServer  : Tomcat started on port(s): 8082 (http) with context path ''
2020-02-23 21:19:43.149  INFO 3268 --- [main] c.l.i.LvshopInventoryApplication         : Started LvshopInventoryApplication in 3.967 seconds (JVM running for 5.696)
